2014-04-26 22:23:22 Error: [MissingControllerException] Controller class SearchesController could not be found.
Exception Attributes: array (
  'class' => 'SearchesController',
  'plugin' => NULL,
)
Request URL: /admin/searches
Stack Trace:
#0 /home/www/Cakephp2-Simple-ACL/app/webroot/index.php(110): Dispatcher->dispatch(Object(CakeRequest), Object(CakeResponse))
#1 {main}
2014-04-26 22:23:58 Error: [MissingControllerException] Controller class SearchesController could not be found.
Exception Attributes: array (
  'class' => 'SearchesController',
  'plugin' => NULL,
)
Request URL: /admin/searches?name=&url=&order=&category_id=
Stack Trace:
#0 /home/www/Cakephp2-Simple-ACL/app/webroot/index.php(110): Dispatcher->dispatch(Object(CakeRequest), Object(CakeResponse))
#1 {main}
2014-04-26 23:04:04 Error: Fatal Error (4): syntax error, unexpected ''.'' (T_CONSTANT_ENCAPSED_STRING), expecting ']' in [/home/www/Cakephp2-Simple-ACL/app/Controller/AppController.php, line 106]
2014-04-26 23:04:04 Error: [FatalErrorException] syntax error, unexpected ''.'' (T_CONSTANT_ENCAPSED_STRING), expecting ']'
Request URL: /admin/actions/index
Stack Trace:
#0 /home/www/Cakephp2-Simple-ACL/lib/Cake/Error/ErrorHandler.php(184): ErrorHandler::handleFatalError(4, 'syntax error, u...', '/home/www/Cakep...', 106)
#1 [internal function]: ErrorHandler::handleError(4, 'syntax error, u...', '/home/www/Cakep...', 106, Array)
#2 /home/www/Cakephp2-Simple-ACL/lib/Cake/Core/App.php(927): call_user_func('ErrorHandler::h...', 4, 'syntax error, u...', '/home/www/Cakep...', 106, Array)
#3 /home/www/Cakephp2-Simple-ACL/lib/Cake/Core/App.php(900): App::_checkFatalError()
#4 [internal function]: App::shutdown()
#5 {main}
2014-04-26 23:04:27 Error: Fatal Error (4): syntax error, unexpected ''.'' (T_CONSTANT_ENCAPSED_STRING), expecting ']' in [/home/www/Cakephp2-Simple-ACL/app/Controller/AppController.php, line 106]
2014-04-26 23:04:27 Error: [FatalErrorException] syntax error, unexpected ''.'' (T_CONSTANT_ENCAPSED_STRING), expecting ']'
Request URL: /admin/actions/index
Stack Trace:
#0 /home/www/Cakephp2-Simple-ACL/lib/Cake/Error/ErrorHandler.php(184): ErrorHandler::handleFatalError(4, 'syntax error, u...', '/home/www/Cakep...', 106)
#1 [internal function]: ErrorHandler::handleError(4, 'syntax error, u...', '/home/www/Cakep...', 106, Array)
#2 /home/www/Cakephp2-Simple-ACL/lib/Cake/Core/App.php(927): call_user_func('ErrorHandler::h...', 4, 'syntax error, u...', '/home/www/Cakep...', 106, Array)
#3 /home/www/Cakephp2-Simple-ACL/lib/Cake/Core/App.php(900): App::_checkFatalError()
#4 [internal function]: App::shutdown()
#5 {main}
2014-04-28 01:07:41 Error: Fatal Error (4): syntax error, unexpected '==' (T_IS_EQUAL), expecting ')' in [/home/www/Cakephp2-Simple-ACL/app/Controller/AppController.php, line 89]
2014-04-28 01:07:41 Error: [FatalErrorException] syntax error, unexpected '==' (T_IS_EQUAL), expecting ')'
Request URL: /admin/actions/index
Stack Trace:
#0 /home/www/Cakephp2-Simple-ACL/lib/Cake/Error/ErrorHandler.php(184): ErrorHandler::handleFatalError(4, 'syntax error, u...', '/home/www/Cakep...', 89)
#1 [internal function]: ErrorHandler::handleError(4, 'syntax error, u...', '/home/www/Cakep...', 89, Array)
#2 /home/www/Cakephp2-Simple-ACL/lib/Cake/Core/App.php(927): call_user_func('ErrorHandler::h...', 4, 'syntax error, u...', '/home/www/Cakep...', 89, Array)
#3 /home/www/Cakephp2-Simple-ACL/lib/Cake/Core/App.php(900): App::_checkFatalError()
#4 [internal function]: App::shutdown()
#5 {main}
2014-04-28 02:37:47 Error: [NotFoundException] Not Found
Request URL: /admin/actions/index/page:2
Stack Trace:
#0 /home/www/Cakephp2-Simple-ACL/app/Controller/ActionsController.php(60): PaginatorComponent->paginate('Action')
#1 /home/www/Cakephp2-Simple-ACL/app/Controller/ActionsController.php(73): ActionsController->get_index()
#2 [internal function]: ActionsController->admin_index()
#3 /home/www/Cakephp2-Simple-ACL/lib/Cake/Controller/Controller.php(486): ReflectionMethod->invokeArgs(Object(ActionsController), Array)
#4 /home/www/Cakephp2-Simple-ACL/lib/Cake/Routing/Dispatcher.php(187): Controller->invokeAction(Object(CakeRequest))
#5 /home/www/Cakephp2-Simple-ACL/lib/Cake/Routing/Dispatcher.php(162): Dispatcher->_invoke(Object(ActionsController), Object(CakeRequest), Object(CakeResponse))
#6 /home/www/Cakephp2-Simple-ACL/app/webroot/index.php(110): Dispatcher->dispatch(Object(CakeRequest), Object(CakeResponse))
#7 {main}
2014-04-28 03:10:08 Error: [MissingActionException] Action ActionsController::admin_themes() could not be found.
Exception Attributes: array (
  'controller' => 'ActionsController',
  'action' => 'admin_themes',
)
Request URL: /admin/actions/themes/pmahomme/img/arrow_ltr.png
Stack Trace:
#0 /home/www/Cakephp2-Simple-ACL/lib/Cake/Routing/Dispatcher.php(187): Controller->invokeAction(Object(CakeRequest))
#1 /home/www/Cakephp2-Simple-ACL/lib/Cake/Routing/Dispatcher.php(162): Dispatcher->_invoke(Object(ActionsController), Object(CakeRequest), Object(CakeResponse))
#2 /home/www/Cakephp2-Simple-ACL/app/webroot/index.php(110): Dispatcher->dispatch(Object(CakeRequest), Object(CakeResponse))
#3 {main}
2014-04-28 03:11:42 Error: [MissingActionException] Action ActionsController::admin_img() could not be found.
Exception Attributes: array (
  'controller' => 'ActionsController',
  'action' => 'admin_img',
)
Request URL: /admin/actions/img/arrow_ltr.png
Stack Trace:
#0 /home/www/Cakephp2-Simple-ACL/lib/Cake/Routing/Dispatcher.php(187): Controller->invokeAction(Object(CakeRequest))
#1 /home/www/Cakephp2-Simple-ACL/lib/Cake/Routing/Dispatcher.php(162): Dispatcher->_invoke(Object(ActionsController), Object(CakeRequest), Object(CakeResponse))
#2 /home/www/Cakephp2-Simple-ACL/app/webroot/index.php(110): Dispatcher->dispatch(Object(CakeRequest), Object(CakeResponse))
#3 {main}
2014-04-28 03:11:56 Error: [MissingActionException] Action ActionsController::admin_img() could not be found.
Exception Attributes: array (
  'controller' => 'ActionsController',
  'action' => 'admin_img',
)
Request URL: /admin/actions/img/arrow_ltr.png
Stack Trace:
#0 /home/www/Cakephp2-Simple-ACL/lib/Cake/Routing/Dispatcher.php(187): Controller->invokeAction(Object(CakeRequest))
#1 /home/www/Cakephp2-Simple-ACL/lib/Cake/Routing/Dispatcher.php(162): Dispatcher->_invoke(Object(ActionsController), Object(CakeRequest), Object(CakeResponse))
#2 /home/www/Cakephp2-Simple-ACL/app/webroot/index.php(110): Dispatcher->dispatch(Object(CakeRequest), Object(CakeResponse))
#3 {main}
